TN:
SF:/Users/benjamin/Desktop/Makers/CTM_Test/app/wordCount.js
FN:3,WordCount
FN:8,(anonymous_2)
FN:17,(anonymous_3)
FN:21,(anonymous_4)
FN:25,(anonymous_5)
FN:29,(anonymous_6)
FN:33,(anonymous_7)
FN:37,(anonymous_8)
FN:41,(anonymous_9)
FNF:9
FNH:0
FNDA:0,WordCount
FNDA:0,(anonymous_2)
FNDA:0,(anonymous_3)
FNDA:0,(anonymous_4)
FNDA:0,(anonymous_5)
FNDA:0,(anonymous_6)
FNDA:0,(anonymous_7)
FNDA:0,(anonymous_8)
FNDA:0,(anonymous_9)
DA:1,1
DA:3,1
DA:4,0
DA:5,0
DA:8,1
DA:9,0
DA:10,0
DA:11,0
DA:13,0
DA:14,0
DA:17,1
DA:18,0
DA:21,1
DA:22,0
DA:25,1
DA:26,0
DA:29,1
DA:30,0
DA:33,1
DA:34,0
DA:37,1
DA:38,0
DA:41,1
DA:42,0
DA:45,1
LF:25
LH:11
BRDA:4,1,0,0
BRDA:4,1,1,0
BRDA:10,2,0,0
BRDA:10,2,1,0
BRDA:38,3,0,0
BRDA:38,3,1,0
BRF:6
BRH:0
end_of_record
