{"/Users/benjamin/Desktop/Makers/CTM_Test/app/wordCount.js":{"path":"/Users/benjamin/Desktop/Makers/CTM_Test/app/wordCount.js","s":{"1":1,"2":1,"3":0,"4":0,"5":1,"6":0,"7":0,"8":0,"9":0,"10":0,"11":1,"12":0,"13":1,"14":0,"15":1,"16":0,"17":1,"18":0,"19":1,"20":0,"21":0,"22":1,"23":0,"24":0,"25":0,"26":1,"27":0,"28":1},"b":{"1":[0,0],"2":[0,0],"3":[0,0]},"f":{"1":0,"2":0,"3":0,"4":0,"5":0,"6":0,"7":0,"8":0,"9":0},"fnMap":{"1":{"name":"WordCount","line":3,"loc":{"start":{"line":3,"column":0},"end":{"line":3,"column":28}}},"2":{"name":"(anonymous_2)","line":8,"loc":{"start":{"line":8,"column":31},"end":{"line":8,"column":42}}},"3":{"name":"(anonymous_3)","line":17,"loc":{"start":{"line":17,"column":35},"end":{"line":17,"column":46}}},"4":{"name":"(anonymous_4)","line":21,"loc":{"start":{"line":21,"column":33},"end":{"line":21,"column":49}}},"5":{"name":"(anonymous_5)","line":25,"loc":{"start":{"line":25,"column":34},"end":{"line":25,"column":50}}},"6":{"name":"(anonymous_6)","line":29,"loc":{"start":{"line":29,"column":32},"end":{"line":29,"column":48}}},"7":{"name":"(anonymous_7)","line":33,"loc":{"start":{"line":33,"column":41},"end":{"line":33,"column":57}}},"8":{"name":"(anonymous_8)","line":37,"loc":{"start":{"line":37,"column":33},"end":{"line":37,"column":49}}},"9":{"name":"(anonymous_9)","line":41,"loc":{"start":{"line":41,"column":34},"end":{"line":41,"column":45}}}},"statementMap":{"1":{"start":{"line":1,"column":0},"end":{"line":1,"column":22}},"2":{"start":{"line":3,"column":0},"end":{"line":6,"column":1}},"3":{"start":{"line":4,"column":2},"end":{"line":4,"column":35}},"4":{"start":{"line":5,"column":2},"end":{"line":5,"column":13}},"5":{"start":{"line":8,"column":0},"end":{"line":15,"column":1}},"6":{"start":{"line":9,"column":0},"end":{"line":9,"column":16}},"7":{"start":{"line":10,"column":0},"end":{"line":12,"column":2}},"8":{"start":{"line":11,"column":3},"end":{"line":11,"column":36}},"9":{"start":{"line":13,"column":1},"end":{"line":13,"column":53}},"10":{"start":{"line":14,"column":1},"end":{"line":14,"column":18}},"11":{"start":{"line":17,"column":0},"end":{"line":19,"column":1}},"12":{"start":{"line":18,"column":2},"end":{"line":18,"column":13}},"13":{"start":{"line":21,"column":0},"end":{"line":23,"column":1}},"14":{"start":{"line":22,"column":2},"end":{"line":22,"column":28}},"15":{"start":{"line":25,"column":0},"end":{"line":27,"column":1}},"16":{"start":{"line":26,"column":2},"end":{"line":26,"column":34}},"17":{"start":{"line":29,"column":0},"end":{"line":31,"column":1}},"18":{"start":{"line":30,"column":2},"end":{"line":30,"column":28}},"19":{"start":{"line":33,"column":0},"end":{"line":35,"column":1}},"20":{"start":{"line":34,"column":2},"end":{"line":34,"column":31}},"21":{"start":{"line":34,"column":27},"end":{"line":34,"column":30}},"22":{"start":{"line":37,"column":0},"end":{"line":39,"column":1}},"23":{"start":{"line":38,"column":2},"end":{"line":38,"column":93}},"24":{"start":{"line":38,"column":36},"end":{"line":38,"column":74}},"25":{"start":{"line":38,"column":75},"end":{"line":38,"column":86}},"26":{"start":{"line":41,"column":0},"end":{"line":43,"column":1}},"27":{"start":{"line":42,"column":2},"end":{"line":42,"column":119}},"28":{"start":{"line":45,"column":0},"end":{"line":45,"column":27}}},"branchMap":{"1":{"line":4,"type":"binary-expr","locations":[{"start":{"line":4,"column":19},"end":{"line":4,"column":27}},{"start":{"line":4,"column":31},"end":{"line":4,"column":35}}]},"2":{"line":10,"type":"if","locations":[{"start":{"line":10,"column":0},"end":{"line":10,"column":0}},{"start":{"line":10,"column":0},"end":{"line":10,"column":0}}]},"3":{"line":38,"type":"cond-expr","locations":[{"start":{"line":38,"column":58},"end":{"line":38,"column":69}},{"start":{"line":38,"column":72},"end":{"line":38,"column":73}}]}}}}